<?xml version="1.0" encoding="UTF-8"?>
<testng-results skipped="0" failed="0" total="1" passed="1">
  <reporter-output>
  </reporter-output>
  <suite name="Default suite" duration-ms="353" started-at="2015-10-25T12:27:10Z" finished-at="2015-10-25T12:27:10Z">
    <groups>
    </groups>
    <test name="Default test" duration-ms="353" started-at="2015-10-25T12:27:10Z" finished-at="2015-10-25T12:27:10Z">
      <class name="org.dictionary.crawl.impl.DictionaryWordCrawlingServiceTest">
        <test-method status="PASS" signature="testExtractWordSenses()[pri:0, instance:org.dictionary.crawl.impl.DictionaryWordCrawlingServiceTest@13a5fe33]" name="testExtractWordSenses" duration-ms="331" started-at="2015-10-25T13:27:10Z" finished-at="2015-10-25T13:27:10Z">
          <reporter-output>
          </reporter-output>
        </test-method> <!-- testExtractWordSenses -->
      </class> <!-- org.dictionary.crawl.impl.DictionaryWordCrawlingServiceTest -->
    </test> <!-- Default test -->
  </suite> <!-- Default suite -->
</testng-results>
